# JRE version: OpenJDK Runtime Environment (8.0_212-b03) (build 1.8.0_212-8u212-b03-0ubuntu1.18.04.1-b03)
# Java VM: OpenJDK 64-Bit Server VM (25.212-b03 mixed mode linux-amd64 compressed oops)
Heap:
 PSYoungGen      total 48128K, used 2560K [0x00000000eb700000, 0x00000000efa00000, 0x0000000100000000)
  eden space 45568K, 0% used [0x00000000eb700000,0x00000000eb700000,0x00000000ee380000)
  from space 2560K, 100% used [0x00000000ef500000,0x00000000ef780000,0x00000000ef780000)
  to   space 2560K, 0% used [0x00000000ef780000,0x00000000ef780000,0x00000000efa00000)
 ParOldGen       total 152064K, used 114031K [0x00000000c2400000, 0x00000000cb880000, 0x00000000eb700000)
  object space 152064K, 74% used [0x00000000c2400000,0x00000000c935bfc0,0x00000000cb880000)
 Metaspace       used 2546K, capacity 4490K, committed 4864K, reserved 1056768K
  class space    used 267K, capacity 386K, committed 512K, reserved 1048576K
GC Heap History (10 events):
Event: 0.475 GC heap after
Heap after GC invocations=2 (full 0):
 PSYoungGen      total 34304K, used 2528K [0x00000000eb700000, 0x00000000edb00000, 0x0000000100000000)
  eden space 31744K, 0% used [0x00000000eb700000,0x00000000eb700000,0x00000000ed600000)
  from space 2560K, 98% used [0x00000000ed880000,0x00000000edaf8020,0x00000000edb00000)
  to   space 2560K, 0% used [0x00000000ed600000,0x00000000ed600000,0x00000000ed880000)
 ParOldGen       total 42496K, used 19989K [0x00000000c2400000, 0x00000000c4d80000, 0x00000000eb700000)
  object space 42496K, 47% used [0x00000000c2400000,0x00000000c3785568,0x00000000c4d80000)
 Metaspace       used 2546K, capacity 4490K, committed 4864K, reserved 1056768K
  class space    used 267K, capacity 386K, committed 512K, reserved 1048576K
}
Event: 0.549 GC heap before
{Heap before GC invocations=3 (full 0):
 PSYoungGen      total 34304K, used 34272K [0x00000000eb700000, 0x00000000edb00000, 0x0000000100000000)
  eden space 31744K, 100% used [0x00000000eb700000,0x00000000ed600000,0x00000000ed600000)
  from space 2560K, 98% used [0x00000000ed880000,0x00000000edaf8020,0x00000000edb00000)
  to   space 2560K, 0% used [0x00000000ed600000,0x00000000ed600000,0x00000000ed880000)
 ParOldGen       total 42496K, used 19989K [0x00000000c2400000, 0x00000000c4d80000, 0x00000000eb700000)
  object space 42496K, 47% used [0x00000000c2400000,0x00000000c3785568,0x00000000c4d80000)
 Metaspace       used 2546K, capacity 4490K, committed 4864K, reserved 1056768K
  class space    used 267K, capacity 386K, committed 512K, reserved 1048576K
Event: 0.661 GC heap after
Heap after GC invocations=3 (full 0):
 PSYoungGen      total 34304K, used 2544K [0x00000000eb700000, 0x00000000efa00000, 0x0000000100000000)
  eden space 31744K, 0% used [0x00000000eb700000,0x00000000eb700000,0x00000000ed600000)
  from space 2560K, 99% used [0x00000000ed600000,0x00000000ed87c010,0x00000000ed880000)
  to   space 2560K, 0% used [0x00000000ef780000,0x00000000ef780000,0x00000000efa00000)
 ParOldGen       total 47104K, used 47063K [0x00000000c2400000, 0x00000000c5200000, 0x00000000eb700000)
  object space 47104K, 99% used [0x00000000c2400000,0x00000000c51f5d70,0x00000000c5200000)
 Metaspace       used 2546K, capacity 4490K, committed 4864K, reserved 1056768K
  class space    used 267K, capacity 386K, committed 512K, reserved 1048576K
}
Event: 0.661 GC heap before
{Heap before GC invocations=4 (full 1):
 PSYoungGen      total 34304K, used 2544K [0x00000000eb700000, 0x00000000efa00000, 0x0000000100000000)
  eden space 31744K, 0% used [0x00000000eb700000,0x00000000eb700000,0x00000000ed600000)
  from space 2560K, 99% used [0x00000000ed600000,0x00000000ed87c010,0x00000000ed880000)
  to   space 2560K, 0% used [0x00000000ef780000,0x00000000ef780000,0x00000000efa00000)
 ParOldGen       total 47104K, used 47063K [0x00000000c2400000, 0x00000000c5200000, 0x00000000eb700000)
  object space 47104K, 99% used [0x00000000c2400000,0x00000000c51f5d70,0x00000000c5200000)
 Metaspace       used 2546K, capacity 4490K, committed 4864K, reserved 1056768K
  class space    used 267K, capacity 386K, committed 512K, reserved 1048576K
Event: 1.574 GC heap after
Heap after GC invocations=4 (full 1):
 PSYoungGen      total 34304K, used 0K [0x00000000eb700000, 0x00000000efa00000, 0x0000000100000000)
  eden space 31744K, 0% used [0x00000000eb700000,0x00000000eb700000,0x00000000ed600000)
  from space 2560K, 0% used [0x00000000ed600000,0x00000000ed600000,0x00000000ed880000)
  to   space 2560K, 0% used [0x00000000ef780000,0x00000000ef780000,0x00000000efa00000)
 ParOldGen       total 100352K, used 46290K [0x00000000c2400000, 0x00000000c8600000, 0x00000000eb700000)
  object space 100352K, 46% used [0x00000000c2400000,0x00000000c5134900,0x00000000c8600000)
 Metaspace       used 2546K, capacity 4490K, committed 4864K, reserved 1056768K
  class space    used 267K, capacity 386K, committed 512K, reserved 1048576K
}
Event: 1.582 GC heap before
{Heap before GC invocations=5 (full 1):
 PSYoungGen      total 34304K, used 31744K [0x00000000eb700000, 0x00000000efa00000, 0x0000000100000000)
  eden space 31744K, 100% used [0x00000000eb700000,0x00000000ed600000,0x00000000ed600000)
  from space 2560K, 0% used [0x00000000ed600000,0x00000000ed600000,0x00000000ed880000)
  to   space 2560K, 0% used [0x00000000ef780000,0x00000000ef780000,0x00000000efa00000)
 ParOldGen       total 100352K, used 46290K [0x00000000c2400000, 0x00000000c8600000, 0x00000000eb700000)
  object space 100352K, 46% used [0x00000000c2400000,0x00000000c5134900,0x00000000c8600000)
 Metaspace       used 2546K, capacity 4490K, committed 4864K, reserved 1056768K
  class space    used 267K, capacity 386K, committed 512K, reserved 1048576K
Event: 1.696 GC heap after
Heap after GC invocations=5 (full 1):
 PSYoungGen      total 48128K, used 2560K [0x00000000eb700000, 0x00000000efa00000, 0x0000000100000000)
  eden space 45568K, 0% used [0x00000000eb700000,0x00000000eb700000,0x00000000ee380000)
  from space 2560K, 100% used [0x00000000ef780000,0x00000000efa00000,0x00000000efa00000)
  to   space 2560K, 0% used [0x00000000ef500000,0x00000000ef500000,0x00000000ef780000)
 ParOldGen       total 100352K, used 75557K [0x00000000c2400000, 0x00000000c8600000, 0x00000000eb700000)
  object space 100352K, 75% used [0x00000000c2400000,0x00000000c6dc9508,0x00000000c8600000)
 Metaspace       used 2546K, capacity 4490K, committed 4864K, reserved 1056768K
  class space    used 267K, capacity 386K, committed 512K, reserved 1048576K
}
Event: 1.696 GC heap before
{Heap before GC invocations=6 (full 2):
 PSYoungGen      total 48128K, used 2560K [0x00000000eb700000, 0x00000000efa00000, 0x0000000100000000)
  eden space 45568K, 0% used [0x00000000eb700000,0x00000000eb700000,0x00000000ee380000)
  from space 2560K, 100% used [0x00000000ef780000,0x00000000efa00000,0x00000000efa00000)
  to   space 2560K, 0% used [0x00000000ef500000,0x00000000ef500000,0x00000000ef780000)
 ParOldGen       total 100352K, used 75557K [0x00000000c2400000, 0x00000000c8600000, 0x00000000eb700000)
  object space 100352K, 75% used [0x00000000c2400000,0x00000000c6dc9508,0x00000000c8600000)
 Metaspace       used 2546K, capacity 4490K, committed 4864K, reserved 1056768K
  class space    used 267K, capacity 386K, committed 512K, reserved 1048576K
Event: 2.530 GC heap after
Heap after GC invocations=6 (full 2):
 PSYoungGen      total 48128K, used 0K [0x00000000eb700000, 0x00000000efa00000, 0x0000000100000000)
  eden space 45568K, 0% used [0x00000000eb700000,0x00000000eb700000,0x00000000ee380000)
  from space 2560K, 0% used [0x00000000ef780000,0x00000000ef780000,0x00000000efa00000)
  to   space 2560K, 0% used [0x00000000ef500000,0x00000000ef500000,0x00000000ef780000)
 ParOldGen       total 152064K, used 70911K [0x00000000c2400000, 0x00000000cb880000, 0x00000000eb700000)
  object space 152064K, 46% used [0x00000000c2400000,0x00000000c693fdc0,0x00000000cb880000)
 Metaspace       used 2546K, capacity 4490K, committed 4864K, reserved 1056768K
  class space    used 267K, capacity 386K, committed 512K, reserved 1048576K
}
Event: 2.572 GC heap before
{Heap before GC invocations=7 (full 2):
 PSYoungGen      total 48128K, used 45568K [0x00000000eb700000, 0x00000000efa00000, 0x0000000100000000)
  eden space 45568K, 100% used [0x00000000eb700000,0x00000000ee380000,0x00000000ee380000)
  from space 2560K, 0% used [0x00000000ef780000,0x00000000ef780000,0x00000000efa00000)
  to   space 2560K, 0% used [0x00000000ef500000,0x00000000ef500000,0x00000000ef780000)
 ParOldGen       total 152064K, used 70911K [0x00000000c2400000, 0x00000000cb880000, 0x00000000eb700000)
  object space 152064K, 46% used [0x00000000c2400000,0x00000000c693fdc0,0x00000000cb880000)
 Metaspace       used 2546K, capacity 4490K, committed 4864K, reserved 1056768K
  class space    used 267K, capacity 386K, committed 512K, reserved 1048576K

